  maxbin.c
C:\Users\fedem\OneDrive\Desktop\uni\fondamenti di informatica 2\esercizi\maximum binary tree\Maximum_Binary_Tree\Maximum_Binary_Tree\maxbin.c(10,26): warning C4047: 'funzione': 'const ElemType *' differisce da 'ElemType **' nei livelli di riferimento indiretto
C:\Users\fedem\OneDrive\Desktop\uni\fondamenti di informatica 2\esercizi\maximum binary tree\Maximum_Binary_Tree\Maximum_Binary_Tree\maxbin.c(10,25): warning C4024: 'TreeCreateRoot': tipi diversi tra il parametro 1 formale e quello effettivo
C:\Users\fedem\OneDrive\Desktop\uni\fondamenti di informatica 2\esercizi\maximum binary tree\Maximum_Binary_Tree\Maximum_Binary_Tree\maxbin.c(13,19): warning C4047: 'funzione': 'const ElemType *' differisce da 'ElemType **' nei livelli di riferimento indiretto
C:\Users\fedem\OneDrive\Desktop\uni\fondamenti di informatica 2\esercizi\maximum binary tree\Maximum_Binary_Tree\Maximum_Binary_Tree\maxbin.c(13,18): warning C4024: 'ElemCompare': tipi diversi tra il parametro 1 formale e quello effettivo
C:\Users\fedem\OneDrive\Desktop\uni\fondamenti di informatica 2\esercizi\maximum binary tree\Maximum_Binary_Tree\Maximum_Binary_Tree\maxbin.c(15,24): warning C4047: 'funzione': 'Node *' differisce da 'ElemType **' nei livelli di riferimento indiretto
C:\Users\fedem\OneDrive\Desktop\uni\fondamenti di informatica 2\esercizi\maximum binary tree\Maximum_Binary_Tree\Maximum_Binary_Tree\maxbin.c(15,23): warning C4024: 'InsertRec': tipi diversi tra il parametro 1 formale e quello effettivo
C:\Users\fedem\OneDrive\Desktop\uni\fondamenti di informatica 2\esercizi\maximum binary tree\Maximum_Binary_Tree\Maximum_Binary_Tree\maxbin.c(15,37): warning C4047: 'funzione': 'ElemType **' differisce da 'Node *' nei livelli di riferimento indiretto
C:\Users\fedem\OneDrive\Desktop\uni\fondamenti di informatica 2\esercizi\maximum binary tree\Maximum_Binary_Tree\Maximum_Binary_Tree\maxbin.c(15,34): warning C4024: 'InsertRec': tipi diversi tra il parametro 2 formale e quello effettivo
C:\Users\fedem\OneDrive\Desktop\uni\fondamenti di informatica 2\esercizi\maximum binary tree\Maximum_Binary_Tree\Maximum_Binary_Tree\maxbin.c(19,25): warning C4047: 'funzione': 'Node *' differisce da 'ElemType **' nei livelli di riferimento indiretto
C:\Users\fedem\OneDrive\Desktop\uni\fondamenti di informatica 2\esercizi\maximum binary tree\Maximum_Binary_Tree\Maximum_Binary_Tree\maxbin.c(19,24): warning C4024: 'InsertRec': tipi diversi tra il parametro 1 formale e quello effettivo
C:\Users\fedem\OneDrive\Desktop\uni\fondamenti di informatica 2\esercizi\maximum binary tree\Maximum_Binary_Tree\Maximum_Binary_Tree\maxbin.c(19,39): warning C4047: 'funzione': 'ElemType **' differisce da 'Node *' nei livelli di riferimento indiretto
C:\Users\fedem\OneDrive\Desktop\uni\fondamenti di informatica 2\esercizi\maximum binary tree\Maximum_Binary_Tree\Maximum_Binary_Tree\maxbin.c(19,36): warning C4024: 'InsertRec': tipi diversi tra il parametro 2 formale e quello effettivo
C:\Users\fedem\OneDrive\Desktop\uni\fondamenti di informatica 2\esercizi\maximum binary tree\Maximum_Binary_Tree\Maximum_Binary_Tree\maxbin.c(51,32): warning C4047: 'funzione': 'ElemType **' differisce da 'ElemType *' nei livelli di riferimento indiretto
C:\Users\fedem\OneDrive\Desktop\uni\fondamenti di informatica 2\esercizi\maximum binary tree\Maximum_Binary_Tree\Maximum_Binary_Tree\maxbin.c(51,26): warning C4024: 'InsertRec': tipi diversi tra il parametro 2 formale e quello effettivo
C:\Users\fedem\OneDrive\Desktop\uni\fondamenti di informatica 2\esercizi\maximum binary tree\Maximum_Binary_Tree\Maximum_Binary_Tree\maxbin.c(56,14): warning C4018: '>=': errata corrispondenza tra signed e unsigned
C:\Users\fedem\OneDrive\Desktop\uni\fondamenti di informatica 2\esercizi\maximum binary tree\Maximum_Binary_Tree\Maximum_Binary_Tree\maxbin.c(63,34): warning C4090: 'funzione': qualificatori 'const' differenti
C:\Users\fedem\OneDrive\Desktop\uni\fondamenti di informatica 2\esercizi\maximum binary tree\Maximum_Binary_Tree\Maximum_Binary_Tree\maxbin.c(108,44): warning C4047: 'funzione': 'ElemType *' differisce da 'ElemType' nei livelli di riferimento indiretto
C:\Users\fedem\OneDrive\Desktop\uni\fondamenti di informatica 2\esercizi\maximum binary tree\Maximum_Binary_Tree\Maximum_Binary_Tree\maxbin.c(108,41): warning C4024: 'CreateMaxBinTreeRec': tipi diversi tra il parametro 5 formale e quello effettivo
  Maximum_Binary_Tree.vcxproj -> C:\Users\fedem\OneDrive\Desktop\uni\fondamenti di informatica 2\esercizi\maximum binary tree\Maximum_Binary_Tree\Debug\Maximum_Binary_Tree.exe
